{"C:\\Users\\mateo\\OneDrive\\Escritorio\\Proyectos Backend\\login-users\\src\\server.ts": {"path":"C:\\Users\\mateo\\OneDrive\\Escritorio\\Proyectos Backend\\login-users\\src\\server.ts","statementMap":{"0":{"start":{"line":14,"column":0},"end":{"line":14,"column":7}},"1":{"start":{"line":1,"column":0},"end":{"line":1,"column":23}},"2":{"start":{"line":2,"column":0},"end":{"line":2,"column":29}},"3":{"start":{"line":3,"column":0},"end":{"line":3,"column":23}},"4":{"start":{"line":5,"column":0},"end":{"line":5,"column":27}},"5":{"start":{"line":6,"column":0},"end":{"line":6,"column":43}},"6":{"start":{"line":7,"column":0},"end":{"line":7,"column":28}},"7":{"start":{"line":8,"column":0},"end":{"line":8,"column":46}},"8":{"start":{"line":9,"column":0},"end":{"line":9,"column":44}},"9":{"start":{"line":10,"column":0},"end":{"line":10,"column":44}},"10":{"start":{"line":11,"column":0},"end":{"line":11,"column":49}},"11":{"start":{"line":15,"column":4},"end":{"line":21,"column":5}},"12":{"start":{"line":16,"column":8},"end":{"line":16,"column":null}},"13":{"start":{"line":17,"column":8},"end":{"line":17,"column":null}},"14":{"start":{"line":23,"column":0},"end":{"line":23,"column":null}},"15":{"start":{"line":25,"column":12},"end":{"line":25,"column":21}},"16":{"start":{"line":28,"column":0},"end":{"line":28,"column":null}},"17":{"start":{"line":29,"column":0},"end":{"line":29,"column":48}},"18":{"start":{"line":30,"column":0},"end":{"line":30,"column":null}},"19":{"start":{"line":31,"column":0},"end":{"line":36,"column":6}},"20":{"start":{"line":39,"column":0},"end":{"line":39,"column":null}},"21":{"start":{"line":42,"column":0},"end":{"line":44,"column":null}},"22":{"start":{"line":43,"column":4},"end":{"line":43,"column":null}},"23":{"start":{"line":46,"column":0},"end":{"line":46,"column":null}},"24":{"start":{"line":47,"column":0},"end":{"line":47,"column":null}},"25":{"start":{"line":48,"column":0},"end":{"line":48,"column":null}},"26":{"start":{"line":49,"column":0},"end":{"line":49,"column":null}},"27":{"start":{"line":54,"column":0},"end":{"line":54,"column":null}}},"fnMap":{"0":{"name":"connectDB","decl":{"start":{"line":14,"column":22},"end":{"line":14,"column":31}},"loc":{"start":{"line":14,"column":31},"end":{"line":22,"column":1}}},"1":{"name":"(anonymous_2)","decl":{"start":{"line":42,"column":16},"end":{"line":42,"column":17}},"loc":{"start":{"line":42,"column":29},"end":{"line":44,"column":1}}}},"branchMap":{},"s":{"0":5,"1":5,"2":5,"3":5,"4":5,"5":5,"6":5,"7":5,"8":5,"9":5,"10":5,"11":5,"12":5,"13":5,"14":5,"15":5,"16":5,"17":5,"18":5,"19":5,"20":5,"21":5,"22":1,"23":5,"24":5,"25":5,"26":5,"27":5},"f":{"0":5,"1":1},"b":{}}
,"C:\\Users\\mateo\\OneDrive\\Escritorio\\Proyectos Backend\\login-users\\src\\config\\db.ts": {"path":"C:\\Users\\mateo\\OneDrive\\Escritorio\\Proyectos Backend\\login-users\\src\\config\\db.ts","statementMap":{"0":{"start":{"line":1,"column":0},"end":{"line":1,"column":49}},"1":{"start":{"line":3,"column":11},"end":{"line":6,"column":2}},"2":{"start":{"line":8,"column":0},"end":{"line":8,"column":null}}},"fnMap":{},"branchMap":{},"s":{"0":5,"1":5,"2":5},"f":{},"b":{}}
,"C:\\Users\\mateo\\OneDrive\\Escritorio\\Proyectos Backend\\login-users\\src\\controllers\\admin.ts": {"path":"C:\\Users\\mateo\\OneDrive\\Escritorio\\Proyectos Backend\\login-users\\src\\controllers\\admin.ts","statementMap":{"0":{"start":{"line":2,"column":0},"end":{"line":2,"column":42}},"1":{"start":{"line":3,"column":0},"end":{"line":3,"column":42}},"2":{"start":{"line":4,"column":0},"end":{"line":4,"column":40}},"3":{"start":{"line":7,"column":25},"end":{"line":10,"column":1}},"4":{"start":{"line":8,"column":18},"end":{"line":8,"column":39}},"5":{"start":{"line":9,"column":4},"end":{"line":9,"column":null}},"6":{"start":{"line":7,"column":13},"end":{"line":7,"column":25}},"7":{"start":{"line":12,"column":28},"end":{"line":23,"column":1}},"8":{"start":{"line":13,"column":22},"end":{"line":13,"column":32}},"9":{"start":{"line":14,"column":4},"end":{"line":22,"column":5}},"10":{"start":{"line":16,"column":22},"end":{"line":16,"column":51}},"11":{"start":{"line":17,"column":8},"end":{"line":17,"column":null}},"12":{"start":{"line":17,"column":19},"end":{"line":17,"column":null}},"13":{"start":{"line":19,"column":8},"end":{"line":19,"column":null}},"14":{"start":{"line":21,"column":8},"end":{"line":21,"column":null}},"15":{"start":{"line":12,"column":13},"end":{"line":12,"column":28}},"16":{"start":{"line":25,"column":27},"end":{"line":43,"column":1}},"17":{"start":{"line":26,"column":30},"end":{"line":26,"column":38}},"18":{"start":{"line":29,"column":38},"end":{"line":29,"column":74}},"19":{"start":{"line":30,"column":4},"end":{"line":30,"column":null}},"20":{"start":{"line":30,"column":15},"end":{"line":30,"column":null}},"21":{"start":{"line":32,"column":4},"end":{"line":32,"column":null}},"22":{"start":{"line":32,"column":14},"end":{"line":32,"column":null}},"23":{"start":{"line":34,"column":17},"end":{"line":34,"column":45}},"24":{"start":{"line":37,"column":4},"end":{"line":37,"column":null}},"25":{"start":{"line":40,"column":4},"end":{"line":40,"column":null}},"26":{"start":{"line":42,"column":4},"end":{"line":42,"column":null}},"27":{"start":{"line":25,"column":13},"end":{"line":25,"column":27}},"28":{"start":{"line":45,"column":27},"end":{"line":60,"column":1}},"29":{"start":{"line":46,"column":22},"end":{"line":46,"column":32}},"30":{"start":{"line":47,"column":4},"end":{"line":59,"column":5}},"31":{"start":{"line":49,"column":22},"end":{"line":49,"column":51}},"32":{"start":{"line":50,"column":8},"end":{"line":50,"column":null}},"33":{"start":{"line":50,"column":19},"end":{"line":50,"column":null}},"34":{"start":{"line":53,"column":8},"end":{"line":53,"column":null}},"35":{"start":{"line":54,"column":8},"end":{"line":54,"column":null}},"36":{"start":{"line":56,"column":8},"end":{"line":56,"column":null}},"37":{"start":{"line":58,"column":8},"end":{"line":58,"column":null}},"38":{"start":{"line":45,"column":13},"end":{"line":45,"column":27}},"39":{"start":{"line":62,"column":27},"end":{"line":81,"column":1}},"40":{"start":{"line":63,"column":22},"end":{"line":63,"column":32}},"41":{"start":{"line":64,"column":4},"end":{"line":80,"column":5}},"42":{"start":{"line":66,"column":22},"end":{"line":66,"column":51}},"43":{"start":{"line":67,"column":8},"end":{"line":67,"column":null}},"44":{"start":{"line":67,"column":19},"end":{"line":67,"column":null}},"45":{"start":{"line":70,"column":8},"end":{"line":72,"column":9}},"46":{"start":{"line":71,"column":12},"end":{"line":71,"column":null}},"47":{"start":{"line":75,"column":8},"end":{"line":75,"column":null}},"48":{"start":{"line":77,"column":8},"end":{"line":77,"column":null}},"49":{"start":{"line":79,"column":8},"end":{"line":79,"column":null}},"50":{"start":{"line":62,"column":13},"end":{"line":62,"column":27}},"51":{"start":{"line":88,"column":25},"end":{"line":99,"column":1}},"52":{"start":{"line":89,"column":22},"end":{"line":89,"column":71}},"53":{"start":{"line":90,"column":21},"end":{"line":90,"column":53}},"54":{"start":{"line":91,"column":4},"end":{"line":98,"column":5}},"55":{"start":{"line":92,"column":8},"end":{"line":97,"column":null}},"56":{"start":{"line":101,"column":0},"end":{"line":101,"column":null}}},"fnMap":{"0":{"name":"(anonymous_1)","decl":{"start":{"line":7,"column":25},"end":{"line":7,"column":30}},"loc":{"start":{"line":7,"column":63},"end":{"line":10,"column":1}}},"1":{"name":"(anonymous_2)","decl":{"start":{"line":12,"column":28},"end":{"line":12,"column":33}},"loc":{"start":{"line":12,"column":66},"end":{"line":23,"column":1}}},"2":{"name":"(anonymous_3)","decl":{"start":{"line":25,"column":27},"end":{"line":25,"column":32}},"loc":{"start":{"line":25,"column":65},"end":{"line":43,"column":1}}},"3":{"name":"(anonymous_4)","decl":{"start":{"line":45,"column":27},"end":{"line":45,"column":32}},"loc":{"start":{"line":45,"column":65},"end":{"line":60,"column":1}}},"4":{"name":"(anonymous_5)","decl":{"start":{"line":62,"column":27},"end":{"line":62,"column":32}},"loc":{"start":{"line":62,"column":65},"end":{"line":81,"column":1}}},"5":{"name":"(anonymous_6)","decl":{"start":{"line":88,"column":25},"end":{"line":88,"column":30}},"loc":{"start":{"line":88,"column":36},"end":{"line":99,"column":1}}}},"branchMap":{"0":{"loc":{"start":{"line":17,"column":8},"end":{"line":17,"column":null}},"type":"if","locations":[{"start":{"line":17,"column":8},"end":{"line":17,"column":null}}]},"1":{"loc":{"start":{"line":30,"column":4},"end":{"line":30,"column":null}},"type":"if","locations":[{"start":{"line":30,"column":4},"end":{"line":30,"column":null}}]},"2":{"loc":{"start":{"line":32,"column":4},"end":{"line":32,"column":null}},"type":"if","locations":[{"start":{"line":32,"column":4},"end":{"line":32,"column":null}}]},"3":{"loc":{"start":{"line":50,"column":8},"end":{"line":50,"column":null}},"type":"if","locations":[{"start":{"line":50,"column":8},"end":{"line":50,"column":null}}]},"4":{"loc":{"start":{"line":67,"column":8},"end":{"line":67,"column":null}},"type":"if","locations":[{"start":{"line":67,"column":8},"end":{"line":67,"column":null}}]},"5":{"loc":{"start":{"line":70,"column":8},"end":{"line":72,"column":9}},"type":"if","locations":[{"start":{"line":70,"column":8},"end":{"line":72,"column":9}}]},"6":{"loc":{"start":{"line":91,"column":4},"end":{"line":98,"column":5}},"type":"if","locations":[{"start":{"line":91,"column":4},"end":{"line":98,"column":5}}]}},"s":{"0":5,"1":5,"2":5,"3":5,"4":1,"5":1,"6":5,"7":5,"8":2,"9":2,"10":2,"11":2,"12":1,"13":1,"14":0,"15":5,"16":5,"17":1,"18":1,"19":1,"20":1,"21":1,"22":0,"23":1,"24":1,"25":1,"26":1,"27":5,"28":5,"29":2,"30":2,"31":2,"32":2,"33":1,"34":1,"35":1,"36":1,"37":0,"38":5,"39":5,"40":3,"41":3,"42":3,"43":3,"44":1,"45":2,"46":1,"47":1,"48":1,"49":0,"50":5,"51":5,"52":5,"53":5,"54":4,"55":1,"56":5},"f":{"0":1,"1":2,"2":1,"3":2,"4":3,"5":5},"b":{"0":[1],"1":[1],"2":[0],"3":[1],"4":[1],"5":[1],"6":[1]}}
,"C:\\Users\\mateo\\OneDrive\\Escritorio\\Proyectos Backend\\login-users\\src\\controllers\\auth.ts": {"path":"C:\\Users\\mateo\\OneDrive\\Escritorio\\Proyectos Backend\\login-users\\src\\controllers\\auth.ts","statementMap":{"0":{"start":{"line":2,"column":0},"end":{"line":2,"column":57}},"1":{"start":{"line":3,"column":0},"end":{"line":3,"column":41}},"2":{"start":{"line":4,"column":0},"end":{"line":4,"column":39}},"3":{"start":{"line":16,"column":21},"end":{"line":48,"column":1}},"4":{"start":{"line":17,"column":30},"end":{"line":17,"column":38}},"5":{"start":{"line":20,"column":36},"end":{"line":20,"column":72}},"6":{"start":{"line":22,"column":4},"end":{"line":25,"column":5}},"7":{"start":{"line":24,"column":8},"end":{"line":24,"column":null}},"8":{"start":{"line":27,"column":4},"end":{"line":29,"column":5}},"9":{"start":{"line":28,"column":8},"end":{"line":28,"column":71}},"10":{"start":{"line":32,"column":28},"end":{"line":32,"column":72}},"11":{"start":{"line":35,"column":4},"end":{"line":37,"column":5}},"12":{"start":{"line":36,"column":8},"end":{"line":36,"column":71}},"13":{"start":{"line":40,"column":18},"end":{"line":44,"column":6}},"14":{"start":{"line":46,"column":4},"end":{"line":46,"column":null}},"15":{"start":{"line":16,"column":13},"end":{"line":16,"column":21}}},"fnMap":{"0":{"name":"(anonymous_1)","decl":{"start":{"line":16,"column":21},"end":{"line":16,"column":26}},"loc":{"start":{"line":16,"column":59},"end":{"line":48,"column":1}}}},"branchMap":{"0":{"loc":{"start":{"line":22,"column":4},"end":{"line":25,"column":5}},"type":"if","locations":[{"start":{"line":22,"column":4},"end":{"line":25,"column":5}}]},"1":{"loc":{"start":{"line":27,"column":4},"end":{"line":29,"column":5}},"type":"if","locations":[{"start":{"line":27,"column":4},"end":{"line":29,"column":5}}]},"2":{"loc":{"start":{"line":35,"column":4},"end":{"line":37,"column":5}},"type":"if","locations":[{"start":{"line":35,"column":4},"end":{"line":37,"column":5}}]},"3":{"loc":{"start":{"line":43,"column":13},"end":{"line":43,"column":46}},"type":"cond-expr","locations":[{"start":{"line":43,"column":29},"end":{"line":43,"column":37}},{"start":{"line":43,"column":40},"end":{"line":43,"column":46}}]}},"s":{"0":5,"1":5,"2":5,"3":5,"4":3,"5":3,"6":3,"7":3,"8":3,"9":1,"10":2,"11":2,"12":1,"13":1,"14":1,"15":5},"f":{"0":3},"b":{"0":[3],"1":[1],"2":[1],"3":[1,0]}}
,"C:\\Users\\mateo\\OneDrive\\Escritorio\\Proyectos Backend\\login-users\\src\\controllers\\receipt.ts": {"path":"C:\\Users\\mateo\\OneDrive\\Escritorio\\Proyectos Backend\\login-users\\src\\controllers\\receipt.ts","statementMap":{"0":{"start":{"line":1,"column":0},"end":{"line":1,"column":24}},"1":{"start":{"line":2,"column":0},"end":{"line":2,"column":20}},"2":{"start":{"line":4,"column":0},"end":{"line":4,"column":34}},"3":{"start":{"line":5,"column":0},"end":{"line":5,"column":40}},"4":{"start":{"line":6,"column":0},"end":{"line":6,"column":46}},"5":{"start":{"line":8,"column":19},"end":{"line":8,"column":26}},"6":{"start":{"line":19,"column":29},"end":{"line":64,"column":1}},"7":{"start":{"line":20,"column":21},"end":{"line":20,"column":31}},"8":{"start":{"line":21,"column":2},"end":{"line":63,"column":3}},"9":{"start":{"line":23,"column":22},"end":{"line":23,"column":49}},"10":{"start":{"line":24,"column":4},"end":{"line":24,"column":69}},"11":{"start":{"line":24,"column":20},"end":{"line":24,"column":69}},"12":{"start":{"line":27,"column":4},"end":{"line":29,"column":5}},"13":{"start":{"line":28,"column":6},"end":{"line":28,"column":57}},"14":{"start":{"line":31,"column":21},"end":{"line":31,"column":37}},"15":{"start":{"line":32,"column":4},"end":{"line":34,"column":5}},"16":{"start":{"line":33,"column":6},"end":{"line":33,"column":57}},"17":{"start":{"line":37,"column":39},"end":{"line":37,"column":59}},"18":{"start":{"line":38,"column":22},"end":{"line":38,"column":67}},"19":{"start":{"line":39,"column":4},"end":{"line":43,"column":5}},"20":{"start":{"line":40,"column":6},"end":{"line":42,"column":9}},"21":{"start":{"line":45,"column":21},"end":{"line":45,"column":45}},"22":{"start":{"line":46,"column":23},"end":{"line":46,"column":68}},"23":{"start":{"line":47,"column":4},"end":{"line":51,"column":7}},"24":{"start":{"line":48,"column":6},"end":{"line":50,"column":7}},"25":{"start":{"line":49,"column":8},"end":{"line":49,"column":58}},"26":{"start":{"line":54,"column":20},"end":{"line":57,"column":6}},"27":{"start":{"line":58,"column":4},"end":{"line":58,"column":25}},"28":{"start":{"line":60,"column":4},"end":{"line":60,"column":56}},"29":{"start":{"line":62,"column":4},"end":{"line":62,"column":23}},"30":{"start":{"line":19,"column":13},"end":{"line":19,"column":29}},"31":{"start":{"line":66,"column":27},"end":{"line":69,"column":1}},"32":{"start":{"line":67,"column":19},"end":{"line":67,"column":42}},"33":{"start":{"line":68,"column":2},"end":{"line":68,"column":43}},"34":{"start":{"line":66,"column":13},"end":{"line":66,"column":27}},"35":{"start":{"line":80,"column":30},"end":{"line":105,"column":1}},"36":{"start":{"line":81,"column":24},"end":{"line":81,"column":34}},"37":{"start":{"line":82,"column":2},"end":{"line":104,"column":3}},"38":{"start":{"line":84,"column":20},"end":{"line":84,"column":53}},"39":{"start":{"line":85,"column":4},"end":{"line":85,"column":69}},"40":{"start":{"line":85,"column":18},"end":{"line":85,"column":69}},"41":{"start":{"line":88,"column":4},"end":{"line":90,"column":5}},"42":{"start":{"line":89,"column":6},"end":{"line":89,"column":58}},"43":{"start":{"line":93,"column":21},"end":{"line":93,"column":74}},"44":{"start":{"line":96,"column":4},"end":{"line":101,"column":7}},"45":{"start":{"line":97,"column":6},"end":{"line":100,"column":7}},"46":{"start":{"line":98,"column":8},"end":{"line":98,"column":61}},"47":{"start":{"line":99,"column":8},"end":{"line":99,"column":69}},"48":{"start":{"line":103,"column":4},"end":{"line":103,"column":49}},"49":{"start":{"line":80,"column":13},"end":{"line":80,"column":30}},"50":{"start":{"line":108,"column":33},"end":{"line":123,"column":1}},"51":{"start":{"line":109,"column":21},"end":{"line":109,"column":31}},"52":{"start":{"line":110,"column":19},"end":{"line":110,"column":63}},"53":{"start":{"line":111,"column":18},"end":{"line":111,"column":29}},"54":{"start":{"line":114,"column":21},"end":{"line":114,"column":48}},"55":{"start":{"line":115,"column":3},"end":{"line":115,"column":68}},"56":{"start":{"line":115,"column":19},"end":{"line":115,"column":68}},"57":{"start":{"line":119,"column":2},"end":{"line":119,"column":132}},"58":{"start":{"line":119,"column":76},"end":{"line":119,"column":132}},"59":{"start":{"line":122,"column":2},"end":{"line":122,"column":43}},"60":{"start":{"line":108,"column":13},"end":{"line":108,"column":33}},"61":{"start":{"line":133,"column":29},"end":{"line":154,"column":1}},"62":{"start":{"line":134,"column":24},"end":{"line":134,"column":34}},"63":{"start":{"line":136,"column":2},"end":{"line":153,"column":3}},"64":{"start":{"line":137,"column":20},"end":{"line":137,"column":53}},"65":{"start":{"line":138,"column":4},"end":{"line":138,"column":69}},"66":{"start":{"line":138,"column":18},"end":{"line":138,"column":69}},"67":{"start":{"line":141,"column":21},"end":{"line":141,"column":74}},"68":{"start":{"line":144,"column":4},"end":{"line":144,"column":28}},"69":{"start":{"line":147,"column":4},"end":{"line":147,"column":34}},"70":{"start":{"line":150,"column":4},"end":{"line":150,"column":66}},"71":{"start":{"line":152,"column":4},"end":{"line":152,"column":63}},"72":{"start":{"line":133,"column":13},"end":{"line":133,"column":29}}},"fnMap":{"0":{"name":"(anonymous_1)","decl":{"start":{"line":19,"column":29},"end":{"line":19,"column":34}},"loc":{"start":{"line":19,"column":67},"end":{"line":64,"column":1}}},"1":{"name":"(anonymous_2)","decl":{"start":{"line":47,"column":24},"end":{"line":47,"column":34}},"loc":{"start":{"line":47,"column":42},"end":{"line":51,"column":5}}},"2":{"name":"(anonymous_3)","decl":{"start":{"line":66,"column":27},"end":{"line":66,"column":32}},"loc":{"start":{"line":66,"column":65},"end":{"line":69,"column":1}}},"3":{"name":"(anonymous_4)","decl":{"start":{"line":80,"column":30},"end":{"line":80,"column":35}},"loc":{"start":{"line":80,"column":68},"end":{"line":105,"column":1}}},"4":{"name":"(anonymous_5)","decl":{"start":{"line":96,"column":34},"end":{"line":96,"column":35}},"loc":{"start":{"line":96,"column":42},"end":{"line":101,"column":5}}},"5":{"name":"(anonymous_6)","decl":{"start":{"line":108,"column":33},"end":{"line":108,"column":38}},"loc":{"start":{"line":108,"column":71},"end":{"line":123,"column":1}}},"6":{"name":"(anonymous_7)","decl":{"start":{"line":133,"column":29},"end":{"line":133,"column":34}},"loc":{"start":{"line":133,"column":67},"end":{"line":154,"column":1}}},"7":{"name":"(anonymous_8)","decl":{"start":{"line":147,"column":24},"end":{"line":147,"column":27}},"loc":{"start":{"line":147,"column":29},"end":{"line":147,"column":32}}}},"branchMap":{"0":{"loc":{"start":{"line":24,"column":4},"end":{"line":24,"column":69}},"type":"if","locations":[{"start":{"line":24,"column":4},"end":{"line":24,"column":69}}]},"1":{"loc":{"start":{"line":27,"column":4},"end":{"line":29,"column":5}},"type":"if","locations":[{"start":{"line":27,"column":4},"end":{"line":29,"column":5}}]},"2":{"loc":{"start":{"line":27,"column":8},"end":{"line":27,"column":57}},"type":"binary-expr","locations":[{"start":{"line":27,"column":8},"end":{"line":27,"column":18}},{"start":{"line":27,"column":22},"end":{"line":27,"column":57}}]},"3":{"loc":{"start":{"line":32,"column":4},"end":{"line":34,"column":5}},"type":"if","locations":[{"start":{"line":32,"column":4},"end":{"line":34,"column":5}}]},"4":{"loc":{"start":{"line":39,"column":4},"end":{"line":43,"column":5}},"type":"if","locations":[{"start":{"line":39,"column":4},"end":{"line":43,"column":5}}]},"5":{"loc":{"start":{"line":48,"column":6},"end":{"line":50,"column":7}},"type":"if","locations":[{"start":{"line":48,"column":6},"end":{"line":50,"column":7}}]},"6":{"loc":{"start":{"line":85,"column":4},"end":{"line":85,"column":69}},"type":"if","locations":[{"start":{"line":85,"column":4},"end":{"line":85,"column":69}}]},"7":{"loc":{"start":{"line":88,"column":4},"end":{"line":90,"column":5}},"type":"if","locations":[{"start":{"line":88,"column":4},"end":{"line":90,"column":5}}]},"8":{"loc":{"start":{"line":88,"column":8},"end":{"line":88,"column":65}},"type":"binary-expr","locations":[{"start":{"line":88,"column":8},"end":{"line":88,"column":31}},{"start":{"line":88,"column":35},"end":{"line":88,"column":65}}]},"9":{"loc":{"start":{"line":97,"column":6},"end":{"line":100,"column":7}},"type":"if","locations":[{"start":{"line":97,"column":6},"end":{"line":100,"column":7}}]},"10":{"loc":{"start":{"line":115,"column":3},"end":{"line":115,"column":68}},"type":"if","locations":[{"start":{"line":115,"column":3},"end":{"line":115,"column":68}}]},"11":{"loc":{"start":{"line":119,"column":2},"end":{"line":119,"column":132}},"type":"if","locations":[{"start":{"line":119,"column":2},"end":{"line":119,"column":132}}]},"12":{"loc":{"start":{"line":119,"column":6},"end":{"line":119,"column":74}},"type":"binary-expr","locations":[{"start":{"line":119,"column":6},"end":{"line":119,"column":29}},{"start":{"line":119,"column":33},"end":{"line":119,"column":40}},{"start":{"line":119,"column":44},"end":{"line":119,"column":74}}]},"13":{"loc":{"start":{"line":138,"column":4},"end":{"line":138,"column":69}},"type":"if","locations":[{"start":{"line":138,"column":4},"end":{"line":138,"column":69}}]}},"s":{"0":5,"1":5,"2":5,"3":5,"4":5,"5":5,"6":5,"7":4,"8":4,"9":4,"10":4,"11":1,"12":3,"13":1,"14":2,"15":2,"16":0,"17":2,"18":2,"19":2,"20":1,"21":1,"22":1,"23":1,"24":1,"25":0,"26":1,"27":1,"28":1,"29":0,"30":5,"31":5,"32":1,"33":1,"34":5,"35":5,"36":6,"37":6,"38":6,"39":6,"40":2,"41":4,"42":2,"43":2,"44":2,"45":2,"46":0,"47":0,"48":0,"49":5,"50":5,"51":3,"52":3,"53":3,"54":3,"55":3,"56":1,"57":2,"58":1,"59":1,"60":5,"61":5,"62":2,"63":2,"64":2,"65":2,"66":1,"67":1,"68":1,"69":1,"70":1,"71":0,"72":5},"f":{"0":4,"1":1,"2":1,"3":6,"4":2,"5":3,"6":2,"7":0},"b":{"0":[1],"1":[1],"2":[3,2],"3":[0],"4":[1],"5":[0],"6":[2],"7":[2],"8":[4,4],"9":[0],"10":[1],"11":[1],"12":[2,2,2],"13":[1]}}
,"C:\\Users\\mateo\\OneDrive\\Escritorio\\Proyectos Backend\\login-users\\src\\controllers\\user.ts": {"path":"C:\\Users\\mateo\\OneDrive\\Escritorio\\Proyectos Backend\\login-users\\src\\controllers\\user.ts","statementMap":{"0":{"start":{"line":2,"column":0},"end":{"line":2,"column":42}},"1":{"start":{"line":3,"column":0},"end":{"line":3,"column":42}},"2":{"start":{"line":4,"column":0},"end":{"line":4,"column":40}},"3":{"start":{"line":7,"column":24},"end":{"line":10,"column":1}},"4":{"start":{"line":8,"column":18},"end":{"line":8,"column":38}},"5":{"start":{"line":9,"column":4},"end":{"line":9,"column":null}},"6":{"start":{"line":7,"column":13},"end":{"line":7,"column":24}},"7":{"start":{"line":12,"column":27},"end":{"line":23,"column":1}},"8":{"start":{"line":13,"column":21},"end":{"line":13,"column":31}},"9":{"start":{"line":14,"column":4},"end":{"line":22,"column":5}},"10":{"start":{"line":16,"column":21},"end":{"line":16,"column":48}},"11":{"start":{"line":17,"column":8},"end":{"line":17,"column":null}},"12":{"start":{"line":17,"column":18},"end":{"line":17,"column":null}},"13":{"start":{"line":19,"column":8},"end":{"line":19,"column":null}},"14":{"start":{"line":21,"column":8},"end":{"line":21,"column":null}},"15":{"start":{"line":12,"column":13},"end":{"line":12,"column":27}},"16":{"start":{"line":33,"column":26},"end":{"line":55,"column":1}},"17":{"start":{"line":34,"column":30},"end":{"line":34,"column":38}},"18":{"start":{"line":36,"column":4},"end":{"line":54,"column":5}},"19":{"start":{"line":38,"column":42},"end":{"line":38,"column":78}},"20":{"start":{"line":39,"column":8},"end":{"line":39,"column":null}},"21":{"start":{"line":39,"column":19},"end":{"line":39,"column":null}},"22":{"start":{"line":41,"column":8},"end":{"line":41,"column":null}},"23":{"start":{"line":41,"column":18},"end":{"line":41,"column":null}},"24":{"start":{"line":44,"column":21},"end":{"line":44,"column":48}},"25":{"start":{"line":47,"column":8},"end":{"line":47,"column":null}},"26":{"start":{"line":50,"column":8},"end":{"line":50,"column":null}},"27":{"start":{"line":51,"column":8},"end":{"line":51,"column":null}},"28":{"start":{"line":53,"column":8},"end":{"line":53,"column":null}},"29":{"start":{"line":33,"column":13},"end":{"line":33,"column":26}},"30":{"start":{"line":57,"column":26},"end":{"line":72,"column":1}},"31":{"start":{"line":58,"column":21},"end":{"line":58,"column":31}},"32":{"start":{"line":59,"column":4},"end":{"line":71,"column":5}},"33":{"start":{"line":61,"column":21},"end":{"line":61,"column":48}},"34":{"start":{"line":62,"column":8},"end":{"line":62,"column":null}},"35":{"start":{"line":62,"column":18},"end":{"line":62,"column":null}},"36":{"start":{"line":65,"column":8},"end":{"line":65,"column":null}},"37":{"start":{"line":66,"column":8},"end":{"line":66,"column":null}},"38":{"start":{"line":68,"column":8},"end":{"line":68,"column":null}},"39":{"start":{"line":70,"column":8},"end":{"line":70,"column":null}},"40":{"start":{"line":57,"column":13},"end":{"line":57,"column":26}},"41":{"start":{"line":74,"column":26},"end":{"line":88,"column":1}},"42":{"start":{"line":75,"column":21},"end":{"line":75,"column":31}},"43":{"start":{"line":76,"column":4},"end":{"line":87,"column":5}},"44":{"start":{"line":78,"column":21},"end":{"line":78,"column":48}},"45":{"start":{"line":79,"column":8},"end":{"line":79,"column":null}},"46":{"start":{"line":79,"column":18},"end":{"line":79,"column":null}},"47":{"start":{"line":82,"column":8},"end":{"line":82,"column":null}},"48":{"start":{"line":84,"column":8},"end":{"line":84,"column":null}},"49":{"start":{"line":86,"column":8},"end":{"line":86,"column":null}},"50":{"start":{"line":74,"column":13},"end":{"line":74,"column":26}}},"fnMap":{"0":{"name":"(anonymous_1)","decl":{"start":{"line":7,"column":24},"end":{"line":7,"column":29}},"loc":{"start":{"line":7,"column":62},"end":{"line":10,"column":1}}},"1":{"name":"(anonymous_2)","decl":{"start":{"line":12,"column":27},"end":{"line":12,"column":32}},"loc":{"start":{"line":12,"column":65},"end":{"line":23,"column":1}}},"2":{"name":"(anonymous_3)","decl":{"start":{"line":33,"column":26},"end":{"line":33,"column":31}},"loc":{"start":{"line":33,"column":64},"end":{"line":55,"column":1}}},"3":{"name":"(anonymous_4)","decl":{"start":{"line":57,"column":26},"end":{"line":57,"column":31}},"loc":{"start":{"line":57,"column":64},"end":{"line":72,"column":1}}},"4":{"name":"(anonymous_5)","decl":{"start":{"line":74,"column":26},"end":{"line":74,"column":31}},"loc":{"start":{"line":74,"column":64},"end":{"line":88,"column":1}}}},"branchMap":{"0":{"loc":{"start":{"line":17,"column":8},"end":{"line":17,"column":null}},"type":"if","locations":[{"start":{"line":17,"column":8},"end":{"line":17,"column":null}}]},"1":{"loc":{"start":{"line":39,"column":8},"end":{"line":39,"column":null}},"type":"if","locations":[{"start":{"line":39,"column":8},"end":{"line":39,"column":null}}]},"2":{"loc":{"start":{"line":41,"column":8},"end":{"line":41,"column":null}},"type":"if","locations":[{"start":{"line":41,"column":8},"end":{"line":41,"column":null}}]},"3":{"loc":{"start":{"line":62,"column":8},"end":{"line":62,"column":null}},"type":"if","locations":[{"start":{"line":62,"column":8},"end":{"line":62,"column":null}}]},"4":{"loc":{"start":{"line":79,"column":8},"end":{"line":79,"column":null}},"type":"if","locations":[{"start":{"line":79,"column":8},"end":{"line":79,"column":null}}]}},"s":{"0":5,"1":5,"2":5,"3":5,"4":1,"5":1,"6":5,"7":5,"8":2,"9":2,"10":2,"11":2,"12":1,"13":1,"14":0,"15":5,"16":5,"17":1,"18":1,"19":1,"20":1,"21":1,"22":1,"23":0,"24":1,"25":1,"26":1,"27":1,"28":0,"29":5,"30":5,"31":2,"32":2,"33":2,"34":2,"35":1,"36":1,"37":1,"38":1,"39":0,"40":5,"41":5,"42":2,"43":2,"44":2,"45":2,"46":1,"47":1,"48":1,"49":0,"50":5},"f":{"0":1,"1":2,"2":1,"3":2,"4":2},"b":{"0":[1],"1":[1],"2":[0],"3":[1],"4":[1]}}
,"C:\\Users\\mateo\\OneDrive\\Escritorio\\Proyectos Backend\\login-users\\src\\helpers\\index.ts": {"path":"C:\\Users\\mateo\\OneDrive\\Escritorio\\Proyectos Backend\\login-users\\src\\helpers\\index.ts","statementMap":{"0":{"start":{"line":16,"column":0},"end":{"line":16,"column":16}},"1":{"start":{"line":2,"column":0},"end":{"line":2,"column":27}},"2":{"start":{"line":3,"column":0},"end":{"line":3,"column":31}},"3":{"start":{"line":6,"column":0},"end":{"line":6,"column":27}},"4":{"start":{"line":8,"column":0},"end":{"line":8,"column":null}},"5":{"start":{"line":17,"column":18},"end":{"line":19,"column":4}},"6":{"start":{"line":20,"column":16},"end":{"line":20,"column":66}},"7":{"start":{"line":21,"column":2},"end":{"line":21,"column":15}},"8":{"start":{"line":30,"column":28},"end":{"line":33,"column":1}},"9":{"start":{"line":31,"column":15},"end":{"line":31,"column":39}},"10":{"start":{"line":32,"column":2},"end":{"line":32,"column":43}},"11":{"start":{"line":30,"column":13},"end":{"line":30,"column":28}},"12":{"start":{"line":42,"column":29},"end":{"line":44,"column":1}},"13":{"start":{"line":43,"column":2},"end":{"line":43,"column":null}},"14":{"start":{"line":42,"column":13},"end":{"line":42,"column":29}}},"fnMap":{"0":{"name":"generateToken","decl":{"start":{"line":16,"column":16},"end":{"line":16,"column":29}},"loc":{"start":{"line":16,"column":46},"end":{"line":22,"column":1}}},"1":{"name":"(anonymous_2)","decl":{"start":{"line":30,"column":28},"end":{"line":30,"column":33}},"loc":{"start":{"line":30,"column":55},"end":{"line":33,"column":1}}},"2":{"name":"(anonymous_3)","decl":{"start":{"line":42,"column":29},"end":{"line":42,"column":34}},"loc":{"start":{"line":42,"column":83},"end":{"line":44,"column":1}}}},"branchMap":{},"s":{"0":5,"1":5,"2":5,"3":5,"4":5,"5":1,"6":1,"7":1,"8":5,"9":11,"10":11,"11":5,"12":5,"13":2,"14":5},"f":{"0":1,"1":11,"2":2},"b":{}}
,"C:\\Users\\mateo\\OneDrive\\Escritorio\\Proyectos Backend\\login-users\\src\\middlewares\\index.ts": {"path":"C:\\Users\\mateo\\OneDrive\\Escritorio\\Proyectos Backend\\login-users\\src\\middlewares\\index.ts","statementMap":{"0":{"start":{"line":2,"column":0},"end":{"line":2,"column":53}},"1":{"start":{"line":3,"column":0},"end":{"line":3,"column":31}},"2":{"start":{"line":5,"column":0},"end":{"line":5,"column":40}},"3":{"start":{"line":6,"column":0},"end":{"line":6,"column":42}},"4":{"start":{"line":21,"column":28},"end":{"line":27,"column":1}},"5":{"start":{"line":22,"column":15},"end":{"line":22,"column":36}},"6":{"start":{"line":23,"column":2},"end":{"line":25,"column":3}},"7":{"start":{"line":24,"column":4},"end":{"line":24,"column":60}},"8":{"start":{"line":26,"column":2},"end":{"line":26,"column":9}},"9":{"start":{"line":21,"column":13},"end":{"line":21,"column":28}},"10":{"start":{"line":41,"column":27},"end":{"line":71,"column":1}},"11":{"start":{"line":43,"column":15},"end":{"line":43,"column":43}},"12":{"start":{"line":44,"column":16},"end":{"line":44,"column":42}},"13":{"start":{"line":47,"column":2},"end":{"line":47,"column":75}},"14":{"start":{"line":47,"column":21},"end":{"line":47,"column":75}},"15":{"start":{"line":49,"column":2},"end":{"line":68,"column":3}},"16":{"start":{"line":51,"column":20},"end":{"line":51,"column":75}},"17":{"start":{"line":54,"column":36},"end":{"line":54,"column":68}},"18":{"start":{"line":56,"column":4},"end":{"line":58,"column":5}},"19":{"start":{"line":57,"column":8},"end":{"line":57,"column":47}},"20":{"start":{"line":60,"column":4},"end":{"line":62,"column":5}},"21":{"start":{"line":61,"column":6},"end":{"line":61,"column":55}},"22":{"start":{"line":65,"column":4},"end":{"line":65,"column":72}},"23":{"start":{"line":67,"column":4},"end":{"line":67,"column":51}},"24":{"start":{"line":70,"column":2},"end":{"line":70,"column":9}},"25":{"start":{"line":41,"column":13},"end":{"line":41,"column":27}},"26":{"start":{"line":83,"column":28},"end":{"line":88,"column":1}},"27":{"start":{"line":84,"column":2},"end":{"line":86,"column":3}},"28":{"start":{"line":85,"column":4},"end":{"line":85,"column":72}},"29":{"start":{"line":87,"column":2},"end":{"line":87,"column":null}},"30":{"start":{"line":83,"column":13},"end":{"line":83,"column":28}},"31":{"start":{"line":100,"column":23},"end":{"line":105,"column":1}},"32":{"start":{"line":101,"column":2},"end":{"line":103,"column":3}},"33":{"start":{"line":102,"column":4},"end":{"line":102,"column":74}},"34":{"start":{"line":104,"column":2},"end":{"line":104,"column":null}},"35":{"start":{"line":100,"column":13},"end":{"line":100,"column":23}},"36":{"start":{"line":116,"column":22},"end":{"line":121,"column":1}},"37":{"start":{"line":117,"column":2},"end":{"line":119,"column":3}},"38":{"start":{"line":118,"column":4},"end":{"line":118,"column":49}},"39":{"start":{"line":120,"column":2},"end":{"line":120,"column":null}},"40":{"start":{"line":116,"column":13},"end":{"line":116,"column":22}}},"fnMap":{"0":{"name":"(anonymous_1)","decl":{"start":{"line":21,"column":28},"end":{"line":21,"column":29}},"loc":{"start":{"line":21,"column":80},"end":{"line":27,"column":1}}},"1":{"name":"(anonymous_2)","decl":{"start":{"line":41,"column":27},"end":{"line":41,"column":32}},"loc":{"start":{"line":41,"column":86},"end":{"line":71,"column":1}}},"2":{"name":"(anonymous_3)","decl":{"start":{"line":83,"column":28},"end":{"line":83,"column":33}},"loc":{"start":{"line":83,"column":87},"end":{"line":88,"column":1}}},"3":{"name":"(anonymous_4)","decl":{"start":{"line":100,"column":23},"end":{"line":100,"column":28}},"loc":{"start":{"line":100,"column":82},"end":{"line":105,"column":1}}},"4":{"name":"(anonymous_5)","decl":{"start":{"line":116,"column":22},"end":{"line":116,"column":27}},"loc":{"start":{"line":116,"column":81},"end":{"line":121,"column":1}}}},"branchMap":{"0":{"loc":{"start":{"line":23,"column":2},"end":{"line":25,"column":3}},"type":"if","locations":[{"start":{"line":23,"column":2},"end":{"line":25,"column":3}}]},"1":{"loc":{"start":{"line":44,"column":16},"end":{"line":44,"column":42}},"type":"binary-expr","locations":[{"start":{"line":44,"column":16},"end":{"line":44,"column":20}},{"start":{"line":44,"column":24},"end":{"line":44,"column":42}}]},"2":{"loc":{"start":{"line":47,"column":2},"end":{"line":47,"column":75}},"type":"if","locations":[{"start":{"line":47,"column":2},"end":{"line":47,"column":75}}]},"3":{"loc":{"start":{"line":56,"column":4},"end":{"line":58,"column":5}},"type":"if","locations":[{"start":{"line":56,"column":4},"end":{"line":58,"column":5}}]},"4":{"loc":{"start":{"line":60,"column":4},"end":{"line":62,"column":5}},"type":"if","locations":[{"start":{"line":60,"column":4},"end":{"line":62,"column":5}}]},"5":{"loc":{"start":{"line":84,"column":2},"end":{"line":86,"column":3}},"type":"if","locations":[{"start":{"line":84,"column":2},"end":{"line":86,"column":3}}]},"6":{"loc":{"start":{"line":101,"column":2},"end":{"line":103,"column":3}},"type":"if","locations":[{"start":{"line":101,"column":2},"end":{"line":103,"column":3}}]},"7":{"loc":{"start":{"line":101,"column":5},"end":{"line":101,"column":62}},"type":"binary-expr","locations":[{"start":{"line":101,"column":5},"end":{"line":101,"column":29}},{"start":{"line":101,"column":33},"end":{"line":101,"column":62}}]},"8":{"loc":{"start":{"line":117,"column":2},"end":{"line":119,"column":3}},"type":"if","locations":[{"start":{"line":117,"column":2},"end":{"line":119,"column":3}}]},"9":{"loc":{"start":{"line":117,"column":5},"end":{"line":117,"column":89}},"type":"binary-expr","locations":[{"start":{"line":117,"column":5},"end":{"line":117,"column":34}},{"start":{"line":117,"column":38},"end":{"line":117,"column":62}},{"start":{"line":117,"column":66},"end":{"line":117,"column":89}}]}},"s":{"0":5,"1":5,"2":5,"3":5,"4":5,"5":47,"6":47,"7":14,"8":33,"9":5,"10":5,"11":78,"12":78,"13":78,"14":9,"15":69,"16":69,"17":65,"18":65,"19":4,"20":65,"21":1,"22":64,"23":4,"24":64,"25":5,"26":5,"27":18,"28":5,"29":13,"30":5,"31":5,"32":29,"33":8,"34":21,"35":5,"36":5,"37":17,"38":5,"39":12,"40":5},"f":{"0":47,"1":78,"2":18,"3":29,"4":17},"b":{"0":[14],"1":[78,69],"2":[9],"3":[4],"4":[1],"5":[5],"6":[8],"7":[29,29],"8":[5],"9":[17,11,11]}}
,"C:\\Users\\mateo\\OneDrive\\Escritorio\\Proyectos Backend\\login-users\\src\\models\\Admin.model.ts": {"path":"C:\\Users\\mateo\\OneDrive\\Escritorio\\Proyectos Backend\\login-users\\src\\models\\Admin.model.ts","statementMap":{"0":{"start":{"line":1,"column":0},"end":{"line":1,"column":70}},"1":{"start":{"line":8,"column":0},"end":{"line":32,"column":null}},"2":{"start":{"line":13,"column":12},"end":{"line":13,"column":null}},"3":{"start":{"line":19,"column":12},"end":{"line":19,"column":null}},"4":{"start":{"line":25,"column":12},"end":{"line":25,"column":null}},"5":{"start":{"line":31,"column":12},"end":{"line":31,"column":null}},"6":{"start":{"line":8,"column":6},"end":{"line":32,"column":null}},"7":{"start":{"line":36,"column":0},"end":{"line":36,"column":null}}},"fnMap":{},"branchMap":{},"s":{"0":5,"1":5,"2":5,"3":5,"4":5,"5":5,"6":5,"7":5},"f":{},"b":{}}
,"C:\\Users\\mateo\\OneDrive\\Escritorio\\Proyectos Backend\\login-users\\src\\models\\Receipt.model.ts": {"path":"C:\\Users\\mateo\\OneDrive\\Escritorio\\Proyectos Backend\\login-users\\src\\models\\Receipt.model.ts","statementMap":{"0":{"start":{"line":1,"column":0},"end":{"line":1,"column":93}},"1":{"start":{"line":2,"column":0},"end":{"line":2,"column":32}},"2":{"start":{"line":9,"column":0},"end":{"line":28,"column":null}},"3":{"start":{"line":15,"column":12},"end":{"line":15,"column":null}},"4":{"start":{"line":23,"column":12},"end":{"line":23,"column":null}},"5":{"start":{"line":18,"column":22},"end":{"line":18,"column":26}},"6":{"start":{"line":27,"column":12},"end":{"line":27,"column":null}},"7":{"start":{"line":26,"column":21},"end":{"line":26,"column":25}},"8":{"start":{"line":9,"column":6},"end":{"line":28,"column":null}},"9":{"start":{"line":32,"column":0},"end":{"line":32,"column":null}}},"fnMap":{"0":{"name":"(anonymous_3)","decl":{"start":{"line":18,"column":16},"end":{"line":18,"column":19}},"loc":{"start":{"line":18,"column":22},"end":{"line":18,"column":26}}},"1":{"name":"(anonymous_4)","decl":{"start":{"line":26,"column":15},"end":{"line":26,"column":18}},"loc":{"start":{"line":26,"column":21},"end":{"line":26,"column":25}}}},"branchMap":{},"s":{"0":5,"1":5,"2":5,"3":5,"4":5,"5":10,"6":5,"7":10,"8":5,"9":5},"f":{"0":10,"1":10},"b":{}}
,"C:\\Users\\mateo\\OneDrive\\Escritorio\\Proyectos Backend\\login-users\\src\\models\\User.model.ts": {"path":"C:\\Users\\mateo\\OneDrive\\Escritorio\\Proyectos Backend\\login-users\\src\\models\\User.model.ts","statementMap":{"0":{"start":{"line":1,"column":0},"end":{"line":1,"column":79}},"1":{"start":{"line":2,"column":0},"end":{"line":2,"column":38}},"2":{"start":{"line":9,"column":0},"end":{"line":32,"column":null}},"3":{"start":{"line":14,"column":12},"end":{"line":14,"column":null}},"4":{"start":{"line":20,"column":12},"end":{"line":20,"column":null}},"5":{"start":{"line":26,"column":12},"end":{"line":26,"column":null}},"6":{"start":{"line":31,"column":12},"end":{"line":31,"column":null}},"7":{"start":{"line":30,"column":19},"end":{"line":30,"column":26}},"8":{"start":{"line":9,"column":6},"end":{"line":32,"column":null}},"9":{"start":{"line":36,"column":0},"end":{"line":36,"column":null}}},"fnMap":{"0":{"name":"(anonymous_3)","decl":{"start":{"line":30,"column":13},"end":{"line":30,"column":16}},"loc":{"start":{"line":30,"column":19},"end":{"line":30,"column":26}}}},"branchMap":{},"s":{"0":5,"1":5,"2":5,"3":5,"4":5,"5":5,"6":5,"7":10,"8":5,"9":5},"f":{"0":10},"b":{}}
,"C:\\Users\\mateo\\OneDrive\\Escritorio\\Proyectos Backend\\login-users\\src\\routes\\AdminRoutes.ts": {"path":"C:\\Users\\mateo\\OneDrive\\Escritorio\\Proyectos Backend\\login-users\\src\\routes\\AdminRoutes.ts","statementMap":{"0":{"start":{"line":1,"column":0},"end":{"line":1,"column":30}},"1":{"start":{"line":2,"column":0},"end":{"line":2,"column":47}},"2":{"start":{"line":3,"column":0},"end":{"line":3,"column":101}},"3":{"start":{"line":4,"column":0},"end":{"line":4,"column":81}},"4":{"start":{"line":7,"column":15},"end":{"line":7,"column":23}},"5":{"start":{"line":8,"column":0},"end":{"line":8,"column":null}},"6":{"start":{"line":10,"column":0},"end":{"line":10,"column":null}},"7":{"start":{"line":12,"column":0},"end":{"line":17,"column":null}},"8":{"start":{"line":19,"column":0},"end":{"line":34,"column":null}},"9":{"start":{"line":36,"column":0},"end":{"line":53,"column":null}},"10":{"start":{"line":55,"column":0},"end":{"line":60,"column":null}},"11":{"start":{"line":65,"column":0},"end":{"line":65,"column":null}}},"fnMap":{},"branchMap":{},"s":{"0":5,"1":5,"2":5,"3":5,"4":5,"5":5,"6":5,"7":5,"8":5,"9":5,"10":5,"11":5},"f":{},"b":{}}
,"C:\\Users\\mateo\\OneDrive\\Escritorio\\Proyectos Backend\\login-users\\src\\routes\\AuthRoutes.ts": {"path":"C:\\Users\\mateo\\OneDrive\\Escritorio\\Proyectos Backend\\login-users\\src\\routes\\AuthRoutes.ts","statementMap":{"0":{"start":{"line":1,"column":0},"end":{"line":1,"column":33}},"1":{"start":{"line":2,"column":0},"end":{"line":2,"column":41}},"2":{"start":{"line":3,"column":0},"end":{"line":3,"column":59}},"3":{"start":{"line":4,"column":0},"end":{"line":4,"column":44}},"4":{"start":{"line":6,"column":15},"end":{"line":6,"column":23}},"5":{"start":{"line":8,"column":0},"end":{"line":17,"column":null}},"6":{"start":{"line":20,"column":0},"end":{"line":20,"column":null}}},"fnMap":{},"branchMap":{},"s":{"0":5,"1":5,"2":5,"3":5,"4":5,"5":5,"6":5},"f":{},"b":{}}
,"C:\\Users\\mateo\\OneDrive\\Escritorio\\Proyectos Backend\\login-users\\src\\routes\\ReceiptRoute.ts": {"path":"C:\\Users\\mateo\\OneDrive\\Escritorio\\Proyectos Backend\\login-users\\src\\routes\\ReceiptRoute.ts","statementMap":{"0":{"start":{"line":1,"column":0},"end":{"line":1,"column":33}},"1":{"start":{"line":2,"column":0},"end":{"line":2,"column":118}},"2":{"start":{"line":3,"column":0},"end":{"line":3,"column":76}},"3":{"start":{"line":4,"column":0},"end":{"line":4,"column":42}},"4":{"start":{"line":7,"column":15},"end":{"line":7,"column":23}},"5":{"start":{"line":8,"column":0},"end":{"line":8,"column":null}},"6":{"start":{"line":11,"column":0},"end":{"line":17,"column":null}},"7":{"start":{"line":19,"column":0},"end":{"line":19,"column":null}},"8":{"start":{"line":21,"column":0},"end":{"line":27,"column":null}},"9":{"start":{"line":29,"column":0},"end":{"line":35,"column":null}},"10":{"start":{"line":37,"column":0},"end":{"line":43,"column":null}},"11":{"start":{"line":46,"column":0},"end":{"line":46,"column":null}}},"fnMap":{},"branchMap":{},"s":{"0":5,"1":5,"2":5,"3":5,"4":5,"5":5,"6":5,"7":5,"8":5,"9":5,"10":5,"11":5},"f":{},"b":{}}
,"C:\\Users\\mateo\\OneDrive\\Escritorio\\Proyectos Backend\\login-users\\src\\routes\\UserRoutes.ts": {"path":"C:\\Users\\mateo\\OneDrive\\Escritorio\\Proyectos Backend\\login-users\\src\\routes\\UserRoutes.ts","statementMap":{"0":{"start":{"line":1,"column":0},"end":{"line":1,"column":30}},"1":{"start":{"line":2,"column":0},"end":{"line":2,"column":47}},"2":{"start":{"line":3,"column":0},"end":{"line":3,"column":75}},"3":{"start":{"line":4,"column":0},"end":{"line":4,"column":95}},"4":{"start":{"line":7,"column":15},"end":{"line":7,"column":23}},"5":{"start":{"line":8,"column":0},"end":{"line":8,"column":null}},"6":{"start":{"line":10,"column":0},"end":{"line":25,"column":null}},"7":{"start":{"line":27,"column":0},"end":{"line":27,"column":null}},"8":{"start":{"line":29,"column":0},"end":{"line":34,"column":null}},"9":{"start":{"line":36,"column":0},"end":{"line":53,"column":null}},"10":{"start":{"line":55,"column":0},"end":{"line":60,"column":null}},"11":{"start":{"line":63,"column":0},"end":{"line":63,"column":null}}},"fnMap":{},"branchMap":{},"s":{"0":5,"1":5,"2":5,"3":5,"4":5,"5":5,"6":5,"7":5,"8":5,"9":5,"10":5,"11":5},"f":{},"b":{}}
}
