TN:
SF:src\server.ts
FN:14,connectDB
FN:42,(anonymous_2)
FNF:2
FNH:2
FNDA:4,connectDB
FNDA:1,(anonymous_2)
DA:1,4
DA:2,4
DA:3,4
DA:5,4
DA:6,4
DA:7,4
DA:8,4
DA:9,4
DA:10,4
DA:11,4
DA:14,4
DA:15,4
DA:16,4
DA:17,4
DA:23,4
DA:25,4
DA:28,4
DA:29,4
DA:30,4
DA:31,4
DA:39,4
DA:42,4
DA:43,1
DA:46,4
DA:47,4
DA:48,4
DA:49,4
DA:54,4
LF:28
LH:28
BRF:0
BRH:0
end_of_record
TN:
SF:src\config\db.ts
FNF:0
FNH:0
DA:1,4
DA:3,4
DA:8,4
LF:3
LH:3
BRF:0
BRH:0
end_of_record
TN:
SF:src\controllers\admin.ts
FN:7,(anonymous_1)
FN:12,(anonymous_2)
FN:25,(anonymous_3)
FN:45,(anonymous_4)
FN:62,(anonymous_5)
FN:88,(anonymous_6)
FNF:6
FNH:6
FNDA:1,(anonymous_1)
FNDA:2,(anonymous_2)
FNDA:1,(anonymous_3)
FNDA:2,(anonymous_4)
FNDA:3,(anonymous_5)
FNDA:4,(anonymous_6)
DA:2,4
DA:3,4
DA:4,4
DA:7,4
DA:8,1
DA:9,1
DA:12,4
DA:13,2
DA:14,2
DA:16,2
DA:17,2
DA:19,1
DA:21,0
DA:25,4
DA:26,1
DA:29,1
DA:30,1
DA:32,1
DA:34,1
DA:37,1
DA:40,1
DA:42,1
DA:45,4
DA:46,2
DA:47,2
DA:49,2
DA:50,2
DA:53,1
DA:54,1
DA:56,1
DA:58,0
DA:62,4
DA:63,3
DA:64,3
DA:66,3
DA:67,3
DA:70,2
DA:71,1
DA:75,1
DA:77,1
DA:79,0
DA:88,4
DA:89,4
DA:90,4
DA:91,3
DA:92,1
DA:101,4
LF:47
LH:44
BRDA:17,0,0,1
BRDA:30,1,0,1
BRDA:32,2,0,0
BRDA:50,3,0,1
BRDA:67,4,0,1
BRDA:70,5,0,1
BRDA:91,6,0,1
BRF:7
BRH:6
end_of_record
TN:
SF:src\controllers\auth.ts
FN:16,(anonymous_1)
FNF:1
FNH:1
FNDA:3,(anonymous_1)
DA:2,4
DA:3,4
DA:4,4
DA:16,4
DA:17,3
DA:20,3
DA:22,3
DA:24,1
DA:27,3
DA:28,1
DA:32,2
DA:35,2
DA:36,1
DA:40,1
DA:46,1
LF:15
LH:15
BRDA:22,0,0,1
BRDA:27,1,0,1
BRDA:35,2,0,1
BRDA:43,3,0,0
BRDA:43,3,1,1
BRF:5
BRH:4
end_of_record
TN:
SF:src\controllers\receipt.ts
FN:19,(anonymous_1)
FN:47,(anonymous_2)
FN:66,(anonymous_3)
FN:80,(anonymous_4)
FN:96,(anonymous_5)
FN:108,(anonymous_6)
FN:129,(anonymous_7)
FN:143,(anonymous_8)
FNF:8
FNH:0
FNDA:0,(anonymous_1)
FNDA:0,(anonymous_2)
FNDA:0,(anonymous_3)
FNDA:0,(anonymous_4)
FNDA:0,(anonymous_5)
FNDA:0,(anonymous_6)
FNDA:0,(anonymous_7)
FNDA:0,(anonymous_8)
DA:1,4
DA:2,4
DA:4,4
DA:5,4
DA:6,4
DA:8,4
DA:19,4
DA:20,0
DA:21,0
DA:23,0
DA:24,0
DA:27,0
DA:28,0
DA:31,0
DA:32,0
DA:33,0
DA:37,0
DA:38,0
DA:39,0
DA:40,0
DA:45,0
DA:46,0
DA:47,0
DA:48,0
DA:49,0
DA:54,0
DA:58,0
DA:60,0
DA:62,0
DA:66,4
DA:67,0
DA:68,0
DA:80,4
DA:81,0
DA:82,0
DA:84,0
DA:85,0
DA:88,0
DA:89,0
DA:93,0
DA:96,0
DA:97,0
DA:98,0
DA:99,0
DA:103,0
DA:108,4
DA:109,0
DA:110,0
DA:111,0
DA:114,0
DA:115,0
DA:118,0
DA:129,4
DA:130,0
DA:132,0
DA:133,0
DA:134,0
DA:137,0
DA:140,0
DA:143,0
DA:146,0
DA:148,0
LF:62
LH:11
BRDA:24,0,0,0
BRDA:27,1,0,0
BRDA:27,2,0,0
BRDA:27,2,1,0
BRDA:32,3,0,0
BRDA:39,4,0,0
BRDA:48,5,0,0
BRDA:85,6,0,0
BRDA:88,7,0,0
BRDA:88,8,0,0
BRDA:88,8,1,0
BRDA:97,9,0,0
BRDA:114,10,0,0
BRDA:114,11,0,0
BRDA:114,11,1,0
BRDA:114,11,2,0
BRDA:134,12,0,0
BRF:17
BRH:0
end_of_record
TN:
SF:src\controllers\user.ts
FN:7,(anonymous_1)
FN:12,(anonymous_2)
FN:33,(anonymous_3)
FN:57,(anonymous_4)
FN:74,(anonymous_5)
FNF:5
FNH:5
FNDA:1,(anonymous_1)
FNDA:2,(anonymous_2)
FNDA:1,(anonymous_3)
FNDA:2,(anonymous_4)
FNDA:2,(anonymous_5)
DA:2,4
DA:3,4
DA:4,4
DA:7,4
DA:8,1
DA:9,1
DA:12,4
DA:13,2
DA:14,2
DA:16,2
DA:17,2
DA:19,1
DA:21,0
DA:33,4
DA:34,1
DA:36,1
DA:38,1
DA:39,1
DA:41,1
DA:44,1
DA:47,1
DA:50,1
DA:51,1
DA:53,0
DA:57,4
DA:58,2
DA:59,2
DA:61,2
DA:62,2
DA:65,1
DA:66,1
DA:68,1
DA:70,0
DA:74,4
DA:75,2
DA:76,2
DA:78,2
DA:79,2
DA:82,1
DA:84,1
DA:86,0
LF:41
LH:37
BRDA:17,0,0,1
BRDA:39,1,0,1
BRDA:41,2,0,0
BRDA:62,3,0,1
BRDA:79,4,0,1
BRF:5
BRH:4
end_of_record
TN:
SF:src\helpers\index.ts
FN:16,generateToken
FN:30,(anonymous_2)
FN:42,(anonymous_3)
FNF:3
FNH:3
FNDA:1,generateToken
FNDA:9,(anonymous_2)
FNDA:2,(anonymous_3)
DA:2,4
DA:3,4
DA:6,4
DA:8,4
DA:16,4
DA:17,1
DA:20,1
DA:21,1
DA:30,4
DA:31,9
DA:32,9
DA:42,4
DA:43,2
LF:13
LH:13
BRF:0
BRH:0
end_of_record
TN:
SF:src\middlewares\index.ts
FN:21,(anonymous_1)
FN:41,(anonymous_2)
FN:83,(anonymous_3)
FN:100,(anonymous_4)
FN:116,(anonymous_5)
FNF:5
FNH:4
FNDA:27,(anonymous_1)
FNDA:45,(anonymous_2)
FNDA:18,(anonymous_3)
FNDA:17,(anonymous_4)
FNDA:0,(anonymous_5)
DA:2,4
DA:3,4
DA:5,4
DA:6,4
DA:21,4
DA:22,27
DA:23,27
DA:24,9
DA:26,18
DA:41,4
DA:43,45
DA:44,45
DA:47,45
DA:49,37
DA:51,37
DA:54,36
DA:56,36
DA:57,1
DA:60,36
DA:61,1
DA:65,35
DA:67,1
DA:70,35
DA:83,4
DA:84,18
DA:85,5
DA:87,13
DA:100,4
DA:101,17
DA:102,5
DA:104,12
DA:116,4
DA:117,0
DA:118,0
DA:120,0
LF:35
LH:32
BRDA:23,0,0,9
BRDA:44,1,0,45
BRDA:44,1,1,37
BRDA:47,2,0,8
BRDA:56,3,0,1
BRDA:60,4,0,1
BRDA:84,5,0,5
BRDA:101,6,0,5
BRDA:101,7,0,17
BRDA:101,7,1,17
BRDA:117,8,0,0
BRDA:117,9,0,0
BRDA:117,9,1,0
BRDA:117,9,2,0
BRF:14
BRH:10
end_of_record
TN:
SF:src\models\Admin.model.ts
FNF:0
FNH:0
DA:1,4
DA:8,4
DA:13,4
DA:19,4
DA:25,4
DA:31,4
DA:36,4
LF:7
LH:7
BRF:0
BRH:0
end_of_record
TN:
SF:src\models\Receipt.model.ts
FN:18,(anonymous_3)
FN:26,(anonymous_4)
FNF:2
FNH:2
FNDA:8,(anonymous_3)
FNDA:8,(anonymous_4)
DA:1,4
DA:2,4
DA:9,4
DA:15,4
DA:18,8
DA:23,4
DA:26,8
DA:27,4
DA:32,4
LF:9
LH:9
BRF:0
BRH:0
end_of_record
TN:
SF:src\models\User.model.ts
FN:30,(anonymous_3)
FNF:1
FNH:1
FNDA:8,(anonymous_3)
DA:1,4
DA:2,4
DA:9,4
DA:14,4
DA:20,4
DA:26,4
DA:30,8
DA:31,4
DA:36,4
LF:9
LH:9
BRF:0
BRH:0
end_of_record
TN:
SF:src\routes\AdminRoutes.ts
FNF:0
FNH:0
DA:1,4
DA:2,4
DA:3,4
DA:4,4
DA:7,4
DA:8,4
DA:10,4
DA:12,4
DA:19,4
DA:36,4
DA:55,4
DA:65,4
LF:12
LH:12
BRF:0
BRH:0
end_of_record
TN:
SF:src\routes\AuthRoutes.ts
FNF:0
FNH:0
DA:1,4
DA:2,4
DA:3,4
DA:4,4
DA:6,4
DA:8,4
DA:20,4
LF:7
LH:7
BRF:0
BRH:0
end_of_record
TN:
SF:src\routes\ReceiptRoute.ts
FNF:0
FNH:0
DA:1,4
DA:2,4
DA:3,4
DA:4,4
DA:7,4
DA:8,4
DA:11,4
DA:19,4
DA:21,4
DA:29,4
DA:37,4
DA:46,4
LF:12
LH:12
BRF:0
BRH:0
end_of_record
TN:
SF:src\routes\UserRoutes.ts
FNF:0
FNH:0
DA:1,4
DA:2,4
DA:3,4
DA:4,4
DA:7,4
DA:8,4
DA:10,4
DA:27,4
DA:29,4
DA:36,4
DA:55,4
DA:63,4
LF:12
LH:12
BRF:0
BRH:0
end_of_record
