TN:
SF:src\server.ts
FN:14,connectDB
FN:42,(anonymous_2)
FNF:2
FNH:2
FNDA:5,connectDB
FNDA:1,(anonymous_2)
DA:1,5
DA:2,5
DA:3,5
DA:5,5
DA:6,5
DA:7,5
DA:8,5
DA:9,5
DA:10,5
DA:11,5
DA:14,5
DA:15,5
DA:16,5
DA:17,5
DA:23,5
DA:25,5
DA:28,5
DA:29,5
DA:30,5
DA:31,5
DA:39,5
DA:42,5
DA:43,1
DA:46,5
DA:47,5
DA:48,5
DA:49,5
DA:54,5
LF:28
LH:28
BRF:0
BRH:0
end_of_record
TN:
SF:src\config\db.ts
FNF:0
FNH:0
DA:1,5
DA:3,5
DA:8,5
LF:3
LH:3
BRF:0
BRH:0
end_of_record
TN:
SF:src\controllers\admin.ts
FN:7,(anonymous_1)
FN:12,(anonymous_2)
FN:25,(anonymous_3)
FN:45,(anonymous_4)
FN:62,(anonymous_5)
FN:88,(anonymous_6)
FNF:6
FNH:6
FNDA:1,(anonymous_1)
FNDA:2,(anonymous_2)
FNDA:1,(anonymous_3)
FNDA:2,(anonymous_4)
FNDA:3,(anonymous_5)
FNDA:5,(anonymous_6)
DA:2,5
DA:3,5
DA:4,5
DA:7,5
DA:8,1
DA:9,1
DA:12,5
DA:13,2
DA:14,2
DA:16,2
DA:17,2
DA:19,1
DA:21,0
DA:25,5
DA:26,1
DA:29,1
DA:30,1
DA:32,1
DA:34,1
DA:37,1
DA:40,1
DA:42,1
DA:45,5
DA:46,2
DA:47,2
DA:49,2
DA:50,2
DA:53,1
DA:54,1
DA:56,1
DA:58,0
DA:62,5
DA:63,3
DA:64,3
DA:66,3
DA:67,3
DA:70,2
DA:71,1
DA:75,1
DA:77,1
DA:79,0
DA:88,5
DA:89,5
DA:90,5
DA:91,4
DA:92,1
DA:101,5
LF:47
LH:44
BRDA:17,0,0,1
BRDA:30,1,0,1
BRDA:32,2,0,0
BRDA:50,3,0,1
BRDA:67,4,0,1
BRDA:70,5,0,1
BRDA:91,6,0,1
BRF:7
BRH:6
end_of_record
TN:
SF:src\controllers\auth.ts
FN:16,(anonymous_1)
FNF:1
FNH:1
FNDA:3,(anonymous_1)
DA:2,5
DA:3,5
DA:4,5
DA:16,5
DA:17,3
DA:20,3
DA:22,3
DA:24,3
DA:27,3
DA:28,1
DA:32,2
DA:35,2
DA:36,1
DA:40,1
DA:46,1
LF:15
LH:15
BRDA:22,0,0,3
BRDA:27,1,0,1
BRDA:35,2,0,1
BRDA:43,3,0,1
BRDA:43,3,1,0
BRF:5
BRH:4
end_of_record
TN:
SF:src\controllers\receipt.ts
FN:19,(anonymous_1)
FN:47,(anonymous_2)
FN:66,(anonymous_3)
FN:80,(anonymous_4)
FN:96,(anonymous_5)
FN:108,(anonymous_6)
FN:133,(anonymous_7)
FN:147,(anonymous_8)
FNF:8
FNH:7
FNDA:4,(anonymous_1)
FNDA:1,(anonymous_2)
FNDA:1,(anonymous_3)
FNDA:6,(anonymous_4)
FNDA:2,(anonymous_5)
FNDA:3,(anonymous_6)
FNDA:2,(anonymous_7)
FNDA:0,(anonymous_8)
DA:1,5
DA:2,5
DA:4,5
DA:5,5
DA:6,5
DA:8,5
DA:19,5
DA:20,4
DA:21,4
DA:23,4
DA:24,4
DA:27,3
DA:28,1
DA:31,2
DA:32,2
DA:33,0
DA:37,2
DA:38,2
DA:39,2
DA:40,1
DA:45,1
DA:46,1
DA:47,1
DA:48,1
DA:49,0
DA:54,1
DA:58,1
DA:60,1
DA:62,0
DA:66,5
DA:67,1
DA:68,1
DA:80,5
DA:81,6
DA:82,6
DA:84,6
DA:85,6
DA:88,4
DA:89,2
DA:93,2
DA:96,2
DA:97,2
DA:98,0
DA:99,0
DA:103,0
DA:108,5
DA:109,3
DA:110,3
DA:111,3
DA:114,3
DA:115,3
DA:119,2
DA:122,1
DA:133,5
DA:134,2
DA:136,2
DA:137,2
DA:138,2
DA:141,1
DA:144,1
DA:147,1
DA:150,1
DA:152,0
LF:63
LH:56
BRDA:24,0,0,1
BRDA:27,1,0,1
BRDA:27,2,0,3
BRDA:27,2,1,2
BRDA:32,3,0,0
BRDA:39,4,0,1
BRDA:48,5,0,0
BRDA:85,6,0,2
BRDA:88,7,0,2
BRDA:88,8,0,4
BRDA:88,8,1,4
BRDA:97,9,0,0
BRDA:115,10,0,1
BRDA:119,11,0,1
BRDA:119,12,0,2
BRDA:119,12,1,2
BRDA:119,12,2,2
BRDA:138,13,0,1
BRF:18
BRH:15
end_of_record
TN:
SF:src\controllers\user.ts
FN:7,(anonymous_1)
FN:12,(anonymous_2)
FN:33,(anonymous_3)
FN:57,(anonymous_4)
FN:74,(anonymous_5)
FNF:5
FNH:5
FNDA:1,(anonymous_1)
FNDA:2,(anonymous_2)
FNDA:1,(anonymous_3)
FNDA:2,(anonymous_4)
FNDA:2,(anonymous_5)
DA:2,5
DA:3,5
DA:4,5
DA:7,5
DA:8,1
DA:9,1
DA:12,5
DA:13,2
DA:14,2
DA:16,2
DA:17,2
DA:19,1
DA:21,0
DA:33,5
DA:34,1
DA:36,1
DA:38,1
DA:39,1
DA:41,1
DA:44,1
DA:47,1
DA:50,1
DA:51,1
DA:53,0
DA:57,5
DA:58,2
DA:59,2
DA:61,2
DA:62,2
DA:65,1
DA:66,1
DA:68,1
DA:70,0
DA:74,5
DA:75,2
DA:76,2
DA:78,2
DA:79,2
DA:82,1
DA:84,1
DA:86,0
LF:41
LH:37
BRDA:17,0,0,1
BRDA:39,1,0,1
BRDA:41,2,0,0
BRDA:62,3,0,1
BRDA:79,4,0,1
BRF:5
BRH:4
end_of_record
TN:
SF:src\helpers\index.ts
FN:16,generateToken
FN:30,(anonymous_2)
FN:42,(anonymous_3)
FNF:3
FNH:3
FNDA:1,generateToken
FNDA:11,(anonymous_2)
FNDA:2,(anonymous_3)
DA:2,5
DA:3,5
DA:6,5
DA:8,5
DA:16,5
DA:17,1
DA:20,1
DA:21,1
DA:30,5
DA:31,11
DA:32,11
DA:42,5
DA:43,2
LF:13
LH:13
BRF:0
BRH:0
end_of_record
TN:
SF:src\middlewares\index.ts
FN:21,(anonymous_1)
FN:41,(anonymous_2)
FN:83,(anonymous_3)
FN:100,(anonymous_4)
FN:116,(anonymous_5)
FNF:5
FNH:5
FNDA:47,(anonymous_1)
FNDA:78,(anonymous_2)
FNDA:18,(anonymous_3)
FNDA:29,(anonymous_4)
FNDA:17,(anonymous_5)
DA:2,5
DA:3,5
DA:5,5
DA:6,5
DA:21,5
DA:22,47
DA:23,47
DA:24,14
DA:26,33
DA:41,5
DA:43,78
DA:44,78
DA:47,78
DA:49,69
DA:51,69
DA:54,65
DA:56,65
DA:57,4
DA:60,65
DA:61,1
DA:65,64
DA:67,4
DA:70,64
DA:83,5
DA:84,18
DA:85,5
DA:87,13
DA:100,5
DA:101,29
DA:102,8
DA:104,21
DA:116,5
DA:117,17
DA:118,5
DA:120,12
LF:35
LH:35
BRDA:23,0,0,14
BRDA:44,1,0,78
BRDA:44,1,1,69
BRDA:47,2,0,9
BRDA:56,3,0,4
BRDA:60,4,0,1
BRDA:84,5,0,5
BRDA:101,6,0,8
BRDA:101,7,0,29
BRDA:101,7,1,29
BRDA:117,8,0,5
BRDA:117,9,0,17
BRDA:117,9,1,11
BRDA:117,9,2,11
BRF:14
BRH:14
end_of_record
TN:
SF:src\models\Admin.model.ts
FNF:0
FNH:0
DA:1,5
DA:8,5
DA:13,5
DA:19,5
DA:25,5
DA:31,5
DA:36,5
LF:7
LH:7
BRF:0
BRH:0
end_of_record
TN:
SF:src\models\Receipt.model.ts
FN:18,(anonymous_3)
FN:26,(anonymous_4)
FNF:2
FNH:2
FNDA:10,(anonymous_3)
FNDA:10,(anonymous_4)
DA:1,5
DA:2,5
DA:9,5
DA:15,5
DA:18,10
DA:23,5
DA:26,10
DA:27,5
DA:32,5
LF:9
LH:9
BRF:0
BRH:0
end_of_record
TN:
SF:src\models\User.model.ts
FN:30,(anonymous_3)
FNF:1
FNH:1
FNDA:10,(anonymous_3)
DA:1,5
DA:2,5
DA:9,5
DA:14,5
DA:20,5
DA:26,5
DA:30,10
DA:31,5
DA:36,5
LF:9
LH:9
BRF:0
BRH:0
end_of_record
TN:
SF:src\routes\AdminRoutes.ts
FNF:0
FNH:0
DA:1,5
DA:2,5
DA:3,5
DA:4,5
DA:7,5
DA:8,5
DA:10,5
DA:12,5
DA:19,5
DA:36,5
DA:55,5
DA:65,5
LF:12
LH:12
BRF:0
BRH:0
end_of_record
TN:
SF:src\routes\AuthRoutes.ts
FNF:0
FNH:0
DA:1,5
DA:2,5
DA:3,5
DA:4,5
DA:6,5
DA:8,5
DA:20,5
LF:7
LH:7
BRF:0
BRH:0
end_of_record
TN:
SF:src\routes\ReceiptRoute.ts
FNF:0
FNH:0
DA:1,5
DA:2,5
DA:3,5
DA:4,5
DA:7,5
DA:8,5
DA:11,5
DA:19,5
DA:21,5
DA:29,5
DA:37,5
DA:46,5
LF:12
LH:12
BRF:0
BRH:0
end_of_record
TN:
SF:src\routes\UserRoutes.ts
FNF:0
FNH:0
DA:1,5
DA:2,5
DA:3,5
DA:4,5
DA:7,5
DA:8,5
DA:10,5
DA:27,5
DA:29,5
DA:36,5
DA:55,5
DA:63,5
LF:12
LH:12
BRF:0
BRH:0
end_of_record
